Arguments: 
  /usr/local/bin/node /Users/quentin/.yarn/bin/yarn.js install

PATH: 
  /Users/quentin/.yarn/bin:/Users/quentin/.config/yarn/global/node_modules/.bin:/usr/local/bin:/usr/bin:/bin:/usr/sbin:/sbin:/usr/local/mysql/bin/:/Users/quentin/Library/Android/sdk/emulator:/Users/quentin/Library/Android/sdk/tools:/Users/quentin/Library/Android/sdk/tools/bin:/Users/quentin/Library/Android/sdk/platform-tools

Yarn version: 
  1.22.15

Node version: 
  16.9.0

Platform: 
  darwin x64

Trace: 
  Error: getaddrinfo ENOTFOUND registry.yarnpkg.com
      at GetAddrInfoReqWrap.onlookup [as oncomplete] (node:dns:71:26)

npm manifest: 
  {
    "name": "webtech-front-end",
    "version": "0.1.0",
    "description": "WebTech front-end demo lab",
    "private": true,
    "dependencies": {
      "@emotion/react": "^11.6.0",
      "@emotion/styled": "^11.6.0",
      "@mui/icons-material": "^5.1.0",
      "@mui/material": "^5.1.0",
      "@mui/styles": "^5.1.0",
      "@testing-library/jest-dom": "^5.15.0",
      "@testing-library/react": "^12.1.2",
      "@testing-library/user-event": "^13.5.0",
      "axios": "^0.24.0",
      "dayjs": "^1.10.7",
      "qs": "^6.10.1",
      "react": "^17.0.2",
      "react-cookie": "^4.1.1",
      "react-dom": "^17.0.2",
      "react-router-dom": "^6.0.2",
      "react-scripts": "4.0.3",
      "rehype-stringify": "^9.0.2",
      "remark-parse": "^10.0.0",
      "remark-rehype": "^10.0.1",
      "typeface-roboto": "^1.1.13",
      "unified": "^10.1.0",
      "web-vitals": "^2.1.2"
    },
    "scripts": {
      "start": "react-scripts start",
      "build": "react-scripts build",
      "test": "react-scripts test",
      "eject": "react-scripts eject"
    },
    "eslintConfig": {
      "extends": "react-app"
    },
    "browserslist": {
      "production": [
        ">0.2%",
        "not dead",
        "not op_mini all"
      ],
      "development": [
        "last 1 chrome version",
        "last 1 firefox version",
        "last 1 safari version"
      ]
    }
  }

yarn manifest: 
  No manifest

Lockfile: 
  No lockfile
